<?xml version="1.0" encoding="UTF-8"?>
<!-- Generated by org.testng.reporters.JUnitXMLReporter -->
<testsuite ignored="2" hostname="vinnu" failures="0" tests="1" name="Default test" time="20.311" errors="0" timestamp="2024-02-29T18:51:31 IST">
  <testcase classname="com.ohrm.testcases.LoginPageTest" name="validateForgotPasswordTest" time="2.92"/>
  <testcase classname="com.ohrm.testcases.LoginPageTest" name="validateLoginTest" time="0.0">
    <ignored/>
  </testcase> <!-- validateLoginTest -->
  <testcase classname="com.ohrm.testcases.LoginPageTest" name="validateTitleTest" time="0.0">
    <ignored/>
  </testcase> <!-- validateTitleTest -->
</testsuite> <!-- Default test -->
