<?xml version="1.0" encoding="UTF-8"?>
<testng-results ignored="2" total="3" passed="1" failed="0" skipped="0">
  <reporter-output>
  </reporter-output>
  <suite started-at="2024-02-29T18:51:10 IST" name="Default suite" finished-at="2024-02-29T18:51:30 IST" duration-ms="20311">
    <groups>
    </groups>
    <test started-at="2024-02-29T18:51:10 IST" name="Default test" finished-at="2024-02-29T18:51:30 IST" duration-ms="20311">
      <class name="com.ohrm.testcases.LoginPageTest">
        <test-method is-config="true" signature="browserSetup()[pri:0, instance:com.ohrm.testcases.LoginPageTest@3b6ddd1d]" started-at="2024-02-29T18:51:10 IST" name="browserSetup" finished-at="2024-02-29T18:51:26 IST" duration-ms="15657" status="PASS">
          <reporter-output>
          </reporter-output>
        </test-method> <!-- browserSetup -->
        <test-method signature="validateForgotPasswordTest()[pri:0, instance:com.ohrm.testcases.LoginPageTest@3b6ddd1d]" started-at="2024-02-29T18:51:26 IST" name="validateForgotPasswordTest" finished-at="2024-02-29T18:51:29 IST" duration-ms="2920" status="PASS">
          <reporter-output>
          </reporter-output>
        </test-method> <!-- validateForgotPasswordTest -->
        <test-method is-config="true" signature="closeBrowser()[pri:0, instance:com.ohrm.testcases.LoginPageTest@3b6ddd1d]" started-at="2024-02-29T18:51:29 IST" name="closeBrowser" finished-at="2024-02-29T18:51:30 IST" duration-ms="1615" status="PASS">
          <reporter-output>
          </reporter-output>
        </test-method> <!-- closeBrowser -->
      </class> <!-- com.ohrm.testcases.LoginPageTest -->
    </test> <!-- Default test -->
  </suite> <!-- Default suite -->
</testng-results>
